Arguments: 
  /data/data/com.termux/files/usr/bin/node /data/data/com.termux/files/usr/share/yarn/bin/yarn.js

PATH: 
  /data/data/com.termux/files/usr/bin

Yarn version: 
  1.22.19

Node version: 
  18.10.0

Platform: 
  android arm64

Trace: 
  Error: EPERM: operation not permitted, symlink '../../../../nopt/bin/nopt.js' -> '/storage/emulated/0/asd/restapi/node_modules/@mapbox/node-pre-gyp/node_modules/.bin/nopt'

npm manifest: 
  {
    "name": "api-pebri",
    "version": "1.2.0",
    "description": "Thanks To Zhir For Script",
    "main": "index.js",
    "scripts": {
      "start": "node app.js",
      "dev": "nodemon ./app.js",
      "test": "echo \"Error: no test specified\" && exit 1"
    },
    "repository": {
      "type": "git",
      "url": "git+https://github.com/RC047/Zhirrr-Api.git"
    },
    "keywords": [
      "simple",
      "api",
      "rest",
      "api"
    ],
    "author": "RC047",
    "license": "ISC",
    "bugs": {
      "url": "https://github.com/Zhirrr/Zhirrr-Api/issues"
    },
    "dependencies": {
      "axios": "^0.21.1",
      "base-64": "^1.0.0",
      "base32": "0.0.6",    
      "crypto": "^1.0.1",
      "cfonts": "^2.9.1",
      "chalk": "^4.1.0",
      "cheerio": "^1.0.0-rc.5",
      "cors": "^2.8.5",
      "express": "^4.18.1",
      "express-fileupload": "^1.4.0",
      "form-data": "^3.0.0",
      "fluent-ffmpeg": "^2.1.2",
      "file-type": "^16.1.0",
      "image-to-base64": "^2.1.1",
      "lodash": "^4.17.20",
      "mathjs": "^10.4.3",
      "moment": "^2.29.1",
      "mongodb": "^3.6.3",
      "monk": "^7.3.3",
      "morgan": "^1.10.0",
      "needle": "^2.6.0",
      "node-gtts": "^2.0.2",
      "node-tesseract-ocr": "^2.0.0",
      "node-fetch": "^2.6.1",
      "qrcode": "^1.4.4",
      "request": "^2.88.2",
      "scrape-yt": "^1.4.8",
      "ssl-express-www": "^3.0.7",
      "url": "^0.11.0",
      "tiktok-scraper": "^1.4.12",
      "urlencode": "^1.1.0",
      "qs": "^6.10.1"
    },
    "homepage": "https://github.com/Zhirrr/Zhirrr-Api#readme"
  }

yarn manifest: 
  No manifest

Lockfile: 
  No lockfile
